
Chromatic CLI v9.0.0
https://www.chromatic.com/docs/cli

Authenticating with Chromatic
    → Connecting to https://index.chromatic.com
Authenticated with Chromatic
    → Using project token '****************cf34'
Retrieving git information
Retrieved git information
    → Commit 'e6c4ff1' on branch 'develop'; found 1 parent build
Collecting Storybook metadata
Collected Storybook metadata
    → Storybook 7.5.3 for React; no supported addons found
Initializing build
Initialized build
    → Build 2 initialized
Building your Storybook
    → Running command: yarn run build-storybook --output-dir /var/folders/pw/6bjw_qqn5yb_0nk62_b3v3480000gn/T/chromatic--88343-caSG96vRd9PO
Storybook built in 15 seconds
    → View build log at /Users/jeongseyeon/Desktop/_handicraft/react-tiny-form/build-storybook.log
Publish your built Storybook
    → Validating Storybook files
Publishing your built Storybook
    → Retrieving target location
    → Starting publish
    → [                    ] 0%
    → [==                  ] 9%
    → [==                  ] 12%
    → [====                ] 18%
    → [====                ] 19%
    → [====                ] 21%
    → [=====               ] 23%
    → [=====               ] 25%
    → [======              ] 28%
    → [======              ] 29%
    → [======              ] 30%
    → [======              ] 32%
    → [=======             ] 33%
    → [=======             ] 37%
    → [========            ] 39%
    → [=========           ] 44%
    → [=========           ] 45%
    → [==========          ] 49%
    → [==========          ] 51%
    → [==========          ] 52%
    → [===========         ] 54%
    → [===========         ] 55%
    → [===========         ] 57%
    → [============        ] 59%
    → [============        ] 60%
    → [============        ] 61%
    → [=============       ] 65%
    → [=============       ] 66%
    → [==============      ] 70%
    → [===============     ] 74%
    → [===============     ] 76%
    → [===============     ] 77%
    → [================    ] 80%
    → [=================   ] 84%
    → [=================   ] 86%
    → [=================   ] 87%
    → [==================  ] 88%
    → [==================  ] 90%
    → [==================  ] 91%
    → [=================== ] 93%
    → [=================== ] 96%
    → [=================== ] 97%
    → [====================] 98%
    → [====================] 99%
    → [====================] 100%
Publish complete in 12 seconds
    → View your Storybook at https://6557321d85c9b158f4ebd5d2-tnruytcppi.chromatic.com
Verifying your Storybook
    → This may take a few minutes
Started build 2
    → View build details at https://www.chromatic.com/build?appId=6557321d85c9b158f4ebd5d2&number=2
Running 2 tests
    → This may take a few minutes
ℹ Speed up Continuous Integration
Your project is linked to GitHub so Chromatic will report results there.
This means you can pass the --exit-once-uploaded flag to skip waiting for build results.
Read more here: https://www.chromatic.com/docs/cli#chromatic-options
    → [==========          ] 1/2  Form › Join 
    → [====================] 2/2  Form › Auth Tabs 
✔ Build 2 passed!
No visual changes were found in this build.
ℹ View build details at https://www.chromatic.com/build?appId=6557321d85c9b158f4ebd5d2&number=2
Build 2 passed!
    → Tested 2 stories across 1 component; captured 2 snapshots in 43 seconds


